2018-10-24-main-ERROR-root      :ORA-00947: not enough values

2018-10-24-main-ERROR-root      :exception occured
com.capgemini.exception.CustomersException: Tehnical problem occured refer log
	at com.capgemini.dao.CustomerDaoImpl.addCustomerDetails(CustomerDaoImpl.java:76)
	at com.capgemini.service.CustomerServiceImpl.addCustomerDetails(CustomerServiceImpl.java:23)
	at com.capgemini.pi.CustomerMain.main(CustomerMain.java:59)
2018-10-24-main-ERROR-root      :ORA-00947: not enough values

2018-10-24-main-ERROR-root      :exception occured
com.capgemini.exception.CustomersException: Tehnical problem occured refer log
	at com.capgemini.dao.CustomerDaoImpl.addCustomerDetails(CustomerDaoImpl.java:76)
	at com.capgemini.service.CustomerServiceImpl.addCustomerDetails(CustomerServiceImpl.java:23)
	at com.capgemini.pi.CustomerMain.main(CustomerMain.java:59)
2018-10-24-main-ERROR-root      :exception occured
com.capgemini.exception.CustomersException: [
 Phone Number Should be in 10 digit 
]
	at com.capgemini.service.CustomerServiceImpl.validateCustomer(CustomerServiceImpl.java:47)
	at com.capgemini.pi.CustomerMain.populateCustomerbean(CustomerMain.java:118)
	at com.capgemini.pi.CustomerMain.main(CustomerMain.java:53)
2018-10-24-main-INFO -root      :Donor details added successfully:
2018-10-24-main-INFO -root      :Donor details added successfully:
2018-10-24-main-INFO -root      :Donor details added successfully:
2018-10-24-main-ERROR-root      :exception occured
com.capgemini.exception.CustomersException: [
 Phone Number Should be in 10 digit 
]
	at com.capgemini.service.CustomerServiceImpl.validateCustomer(CustomerServiceImpl.java:47)
	at com.capgemini.pi.CustomerMain.populateCustomerbean(CustomerMain.java:118)
	at com.capgemini.pi.CustomerMain.main(CustomerMain.java:53)
2018-10-24-main-INFO -root      :Donor details added successfully:
2018-10-24-main-INFO -root      :Donor details added successfully:
2018-10-24-main-INFO -root      :Donor details added successfully:
2018-10-24-main-ERROR-root      :ORA-01858: a non-numeric character was found where a numeric was expected

2018-10-24-main-ERROR-root      :exception occured
com.capgemini.exception.CustomersException: Tehnical problem occured refer log
	at com.capgemini.dao.CustomerDaoImpl.addCustomerDetails(CustomerDaoImpl.java:77)
	at com.capgemini.service.CustomerServiceImpl.addCustomerDetails(CustomerServiceImpl.java:23)
	at com.capgemini.pi.CustomerMain.main(CustomerMain.java:59)
2018-10-24-main-INFO -root      :Donor details added successfully:
2018-10-24-main-INFO -root      :Donor details added successfully:
2018-10-24-main-INFO -root      :Donor details added successfully:
2018-10-24-main-INFO -root      :Donor details added successfully:
2018-10-24-main-ERROR-root      :exception occured
com.capgemini.exception.CustomersException: [
 Phone Number Should be in 10 digit 
]
	at com.capgemini.service.CustomerServiceImpl.validateCustomer(CustomerServiceImpl.java:47)
	at com.capgemini.pi.CustomerMain.populateCustomerbean(CustomerMain.java:118)
	at com.capgemini.pi.CustomerMain.main(CustomerMain.java:53)
2018-10-24-main-INFO -root      :Donor details added successfully:
2018-10-24-main-INFO -root      :Donor details added successfully:
2018-10-24-main-INFO -root      :Donor details added successfully:
2018-10-24-main-ERROR-root      :exception occured
com.capgemini.exception.CustomersException: [
 Age Should Be greater than zero and should be less than 100 
]
	at com.capgemini.service.CustomerServiceImpl.validateCustomer(CustomerServiceImpl.java:126)
	at com.capgemini.pi.CustomerMain.populateCustomerbean(CustomerMain.java:111)
	at com.capgemini.pi.CustomerMain.main(CustomerMain.java:49)
2018-10-24-main-INFO -root      :Donor details added successfully:
2018-10-24-main-INFO -root      :Donor details added successfully:
2018-10-24-main-INFO -root      :Donor details added successfully:
